0,0,0
10,1e-05,101325
20,2e-05,101325
30,3e-05,101325
40,4e-05,101325
50,5e-05,101325
60,6e-05,101325
70,7e-05,101325
80,8.000001e-05,101325
90,9e-05,101325
100,0.0001,101325
110,0.00011,101325
120,0.00012,101325
130,0.00013,101325
140,0.00014,101325
150,0.00015,101325
160,0.00016,101325
170,0.00017,101325
180,0.00018,101325
190,0.00019,101325
200,0.0002,101325
210,0.00021,101325
220,0.00022,101325
230,0.00023,101325
240,0.00024,101325
250,0.00025,101325
260,0.00026,101325
270,0.00027,101325
280,0.00028,101325
290,0.00029,101325
300,0.0003,101325
310,0.00031,101325
320,0.00032,101325
330,0.00033,101325
340,0.00034,101325
350,0.00035,101325
360,0.00036,101325
370,0.00037,101325
380,0.00038,101325
390,0.00039,101325
400,0.0004,101325
410,0.00041,101325
420,0.00042,101325
430,0.00043,101325
440,0.00044,101325
450,0.00045,101325
460,0.00046,101325
470,0.00047,101325
480,0.00048,101325
490,0.00049,101325
500,0.0005,101325
510,0.00051,101325
520,0.00052,776258.4
530,0.00053,2741606
540,0.00054,2594605
550,0.00055,2361721
560,0.00056,2361469
570,0.00057,2219032
580,0.00058,2092179
590,0.00059,1915609
600,0.0006,1859670
610,0.00061,1705170
620,0.00062,1664286
630,0.00063,1558503
640,0.00064,1503562
650,0.00065,1389309
660,0.00066,1342428
670,0.00067,1262941
680,0.00068,1215715
690,0.00069,1165437
700,0.0007,1108013
710,0.00071,1056029
720,0.00072,1004394
730,0.00073,954491.1
740,0.00074,920384.1
750,0.00075,860931.9
760,0.00076,840700.1
770,0.00077,809990.6
780,0.00078,753863.3
790,0.00079,739427.8
800,0.0008,711280.2
810,0.00081,684932.4
820,0.00082,653795.1
830,0.00083,630405.3
840,0.00084,604917.5
850,0.00085,584050.2
860,0.00086,559390.9
870,0.00087,538781.8
880,0.00088,520619.9
890,0.00089,502561.3
900,0.0009,483587.1
910,0.00091,467794.7
920,0.00092,452981.2
930,0.00093,439160.5
940,0.00094,424847.1
950,0.00095,414055.5
960,0.00096,401259.7
970,0.00097,394089.8
980,0.00098,386309.6
990,0.0009900001,379701.4
1000,0.001,377108.2
1010,0.00101,370611.7
1020,0.00102,369465.3
1030,0.00103,368187.9
1040,0.00104,366931.5
1050,0.00105,365982.5
1060,0.00106,365054
1070,0.00107,361677
1080,0.00108,361371
1090,0.00109,361162
1100,0.0011,361122.9
1110,0.00111,360785.7
1120,0.00112,360402.7
1130,0.00113,359958.6
1140,0.00114,358463.8
1150,0.00115,358262.1
1160,0.00116,359226.6
1170,0.00117,359004.7
1180,0.00118,358679
1190,0.00119,358455.2
1200,0.0012,358244.2
1210,0.00121,358024.9
1220,0.00122,356845.6
1230,0.00123,357699.8
1240,0.00124,357686
1250,0.00125,357380.1
1260,0.00126,357345.1
1270,0.00127,356116.9
1280,0.00128,354807.5
1290,0.00129,355882.8
1300,0.0013,355779.6
1310,0.00131,356683.4
1320,0.00132,355538.6
1330,0.00133,356508.4
1340,0.00134,356463.5
1350,0.00135,356305.7
1360,0.00136,355126.8
1370,0.00137,353840.1
1380,0.00138,353822.6
1390,0.00139,353793
1400,0.0014,353751.4
1410,0.00141,353700.6
1420,0.00142,353643.4
1430,0.00143,353582.1
1440,0.00144,353518
1450,0.00145,355563.4
1460,0.00146,355313.2
1470,0.00147,354074.8
1480,0.00148,355030.5
1490,0.00149,354753
1500,0.0015,354584.5
1510,0.00151,354308.8
1520,0.00152,353068.5
1530,0.00153,354062.7
1540,0.00154,352836.8
1550,0.00155,353965
1560,0.00156,353721.2
1570,0.00157,353607.3
1580,0.00158,353503.6
1590,0.00159,353366.3
1600,0.0016,352228.7
1610,0.00161,353118.3
1620,0.00162,353057.2
1630,0.00163,352864.9
1640,0.00164,352832.4
1650,0.00165,352676.3
1660,0.00166,352507.8
1670,0.00167,352632.5
1680,0.00168,352559.8
1690,0.00169,352567.8
1700,0.0017,352417.2
1710,0.00171,352265.5
1720,0.00172,351276.9
1730,0.00173,352222.4
1740,0.00174,351989.8
1750,0.00175,352160
1760,0.00176,351952.1
1770,0.00177,351930.8
1780,0.00178,351964
1790,0.00179,351982
1800,0.0018,351985.6
1810,0.00181,351977.8
1820,0.00182,351961.3
1830,0.00183,351938.3
1840,0.00184,351910.4
1850,0.00185,351878.8
1860,0.00186,351844.5
1870,0.00187,351807.8
1880,0.00188,351818.3
1890,0.00189,351523
1900,0.0019,351371.8
1910,0.00191,351272.6
1920,0.00192,351119.4
1930,0.00193,351052.9
1940,0.00194,350931.5
1950,0.00195,350797.2
1960,0.00196,350719.5
1970,0.00197,350607.7
1980,0.00198,350507.8
1990,0.00199,350418.3
2000,0.002,350335.4
2010,0.00201,350257.1
2020,0.00202,350181.4
2030,0.00203,350106.4
2040,0.00204,350028.7
2050,0.00205,349011.9
2060,0.00206,349965.8
2070,0.00207,349844.4
2080,0.00208,349665.4
2090,0.00209,349584.8
2100,0.0021,348452.5
2110,0.00211,349258.2
2120,0.00212,348082.8
2130,0.00213,348988
2140,0.00214,348853.2
2150,0.00215,348802.2
2160,0.00216,348777.9
2170,0.00217,348770.8
2180,0.00218,348830.9
2190,0.00219,348910.1
2200,0.0022,348927.2
2210,0.00221,348788.7
2220,0.00222,348921.7
2230,0.00223,347813
2240,0.00224,348793.8
2250,0.00225,348576
2260,0.00226,348449.9
2270,0.00227,348251.9
2280,0.00228,347557.6
2290,0.00229,346862.5
2300,0.0023,345821.3
2310,0.00231,343371.1
2320,0.00232,342789.8
2330,0.00233,340703
2340,0.00234,338413
2350,0.00235,335963.6
2360,0.00236,332146.5
2370,0.00237,329949.6
2380,0.00238,325380
2390,0.00239,320205.7
2400,0.0024,316375.2
2410,0.00241,312191.8
2420,0.00242,307045.3
2430,0.002466,284499.8
2440,0.002566,242243
2450,0.002666,203207.5
2460,0.002766,170977
2470,0.002866,143218.2
2480,0.002966,120980.9
2490,0.003066,103367.3
2500,0.003166,101325
2510,0.003266,101325
2520,0.003366,101325
2530,0.003466,101325
2540,0.003566,101325
2550,0.003666,101325
2560,0.003766,101325
2570,0.003866,101325
2580,0.003966,101325
2590,0.004066,101325
2600,0.004166,101325
2610,0.004266,101325
2620,0.004366,101325
2630,0.004466,101325
2640,0.004566,101324.6
2650,0.004666,101310.3
2660,0.004766,101272.5
2670,0.004866,101164.3
2680,0.004966,99700.94
2690,0.005066,97756.05
2700,0.005166,95625.77
2710,0.005266,93348.01
2720,0.005366,91023.88
2730,0.005466,88718.83
2740,0.005746,82783.26
2750,0.006746,67876.23
2760,0.007746,57590.93
2770,0.008746,99379.79
2780,0.009746,101325
2790,0.010746,101325
2800,0.011746,101325
2810,0.012746,101325
2820,0.013746,101325
2830,0.014746,99802.01
2840,0.015746,94760.98
2850,0.016746,93534.59
2860,0.017746,95813.38
2870,0.018746,100789.2
2880,0.019746,101325
2890,0.020746,101325
2900,0.021746,101325
2910,0.022746,101325
2920,0.023746,101325
2930,0.024746,100810.4
2940,0.025746,98785.17
2950,0.026746,98531.76
2960,0.027746,98984.12
2970,0.028746,100376.5
2980,0.029746,101325
2990,0.030746,101325
3000,0.031746,101325
3010,0.032746,101325
3020,0.033746,101325
3030,0.034746,101325
3040,0.035746,100739.4
3050,0.036746,100149.1
3060,0.037746,100112.7
3070,0.038746,100235.2
3080,0.039746,100915.3
3090,0.040746,101325
3100,0.041746,101325
3110,0.042746,101325
3120,0.043746,101325
3130,0.044746,101325
3140,0.045746,101325
3150,0.046746,101103.2
3160,0.047746,100686.1
3170,0.048746,100641.4
3180,0.049746,100694.8
3190,0.050746,101054.5
3200,0.051746,101325
